mode: set
my-tourist-ticket/features/booking/service/logic.go:13.77,17.2 1 1
my-tourist-ticket/features/booking/service/logic.go:20.76,22.2 1 1
my-tourist-ticket/features/booking/service/logic.go:25.113,26.29 1 1
my-tourist-ticket/features/booking/service/logic.go:26.29,28.3 1 1
my-tourist-ticket/features/booking/service/logic.go:29.2,29.36 1 1
my-tourist-ticket/features/booking/service/logic.go:29.36,31.3 1 1
my-tourist-ticket/features/booking/service/logic.go:32.2,32.33 1 1
my-tourist-ticket/features/booking/service/logic.go:32.33,34.3 1 1
my-tourist-ticket/features/booking/service/logic.go:35.2,35.33 1 1
my-tourist-ticket/features/booking/service/logic.go:35.33,37.3 1 1
my-tourist-ticket/features/booking/service/logic.go:38.2,38.30 1 1
my-tourist-ticket/features/booking/service/logic.go:38.30,40.3 1 1
my-tourist-ticket/features/booking/service/logic.go:41.2,41.36 1 1
my-tourist-ticket/features/booking/service/logic.go:41.36,43.3 1 1
my-tourist-ticket/features/booking/service/logic.go:45.2,46.16 2 1
my-tourist-ticket/features/booking/service/logic.go:46.16,48.3 1 1
my-tourist-ticket/features/booking/service/logic.go:50.2,50.21 1 1
my-tourist-ticket/features/booking/service/logic.go:53.113,54.30 1 1
my-tourist-ticket/features/booking/service/logic.go:54.30,56.3 1 1
my-tourist-ticket/features/booking/service/logic.go:58.2,59.12 2 1
my-tourist-ticket/features/booking/service/logic.go:63.90,64.34 1 1
my-tourist-ticket/features/booking/service/logic.go:64.34,66.3 1 1
my-tourist-ticket/features/booking/service/logic.go:67.2,67.32 1 1
my-tourist-ticket/features/booking/service/logic.go:67.32,69.3 1 1
my-tourist-ticket/features/booking/service/logic.go:69.8,69.38 1 1
my-tourist-ticket/features/booking/service/logic.go:69.38,71.3 1 1
my-tourist-ticket/features/booking/service/logic.go:73.2,74.16 2 1
my-tourist-ticket/features/booking/service/logic.go:74.16,76.3 1 1
my-tourist-ticket/features/booking/service/logic.go:77.2,77.12 1 1
my-tourist-ticket/features/booking/service/logic.go:81.78,82.23 1 1
my-tourist-ticket/features/booking/service/logic.go:82.23,84.3 1 1
my-tourist-ticket/features/booking/service/logic.go:86.2,87.16 2 1
my-tourist-ticket/features/booking/service/logic.go:87.16,89.3 1 1
my-tourist-ticket/features/booking/service/logic.go:91.2,91.12 1 1
my-tourist-ticket/features/booking/service/logic.go:94.88,97.2 2 1
my-tourist-ticket/features/booking/service/logic.go:99.111,102.2 2 1
my-tourist-ticket/features/booking/service/logic.go:105.99,106.15 1 1
my-tourist-ticket/features/booking/service/logic.go:106.15,108.3 1 1
my-tourist-ticket/features/booking/service/logic.go:110.2,110.16 1 1
my-tourist-ticket/features/booking/service/logic.go:110.16,112.3 1 1
my-tourist-ticket/features/booking/service/logic.go:114.2,115.16 2 1
my-tourist-ticket/features/booking/service/logic.go:115.16,117.3 1 1
my-tourist-ticket/features/booking/service/logic.go:119.2,119.33 1 1
my-tourist-ticket/features/booking/service/logic.go:123.125,124.15 1 1
my-tourist-ticket/features/booking/service/logic.go:124.15,126.3 1 1
my-tourist-ticket/features/booking/service/logic.go:128.2,128.16 1 1
my-tourist-ticket/features/booking/service/logic.go:128.16,130.3 1 1
my-tourist-ticket/features/booking/service/logic.go:132.2,133.16 2 1
my-tourist-ticket/features/booking/service/logic.go:133.16,135.3 1 1
my-tourist-ticket/features/booking/service/logic.go:137.2,137.33 1 1
my-tourist-ticket/features/booking/service/logic.go:140.104,141.16 1 1
my-tourist-ticket/features/booking/service/logic.go:141.16,143.3 1 1
my-tourist-ticket/features/booking/service/logic.go:144.2,147.16 3 1
my-tourist-ticket/features/booking/service/logic.go:147.16,149.3 1 1
my-tourist-ticket/features/booking/service/logic.go:150.2,154.16 3 1
my-tourist-ticket/features/booking/service/logic.go:154.16,156.3 1 1
my-tourist-ticket/features/booking/service/logic.go:157.2,160.16 3 1
my-tourist-ticket/features/booking/service/logic.go:160.16,162.3 1 1
my-tourist-ticket/features/booking/service/logic.go:163.2,165.17 2 1
my-tourist-ticket/features/city/service/logic.go:14.69,18.2 1 1
my-tourist-ticket/features/city/service/logic.go:21.73,23.2 1 1
my-tourist-ticket/features/city/service/logic.go:26.121,29.16 2 1
my-tourist-ticket/features/city/service/logic.go:29.16,31.3 1 1
my-tourist-ticket/features/city/service/logic.go:33.2,33.12 1 1
my-tourist-ticket/features/city/service/logic.go:37.133,39.16 2 1
my-tourist-ticket/features/city/service/logic.go:39.16,41.3 1 1
my-tourist-ticket/features/city/service/logic.go:43.2,43.12 1 1
my-tourist-ticket/features/city/service/logic.go:47.54,48.17 1 1
my-tourist-ticket/features/city/service/logic.go:48.17,50.3 1 1
my-tourist-ticket/features/city/service/logic.go:51.2,52.12 2 1
my-tourist-ticket/features/city/service/logic.go:56.75,58.16 2 1
my-tourist-ticket/features/city/service/logic.go:58.16,60.3 1 1
my-tourist-ticket/features/city/service/logic.go:62.2,62.18 1 1
my-tourist-ticket/features/city/service/logic.go:66.90,67.15 1 1
my-tourist-ticket/features/city/service/logic.go:67.15,69.3 1 1
my-tourist-ticket/features/city/service/logic.go:71.2,72.16 2 1
my-tourist-ticket/features/city/service/logic.go:72.16,74.3 1 1
my-tourist-ticket/features/city/service/logic.go:76.2,76.30 1 1
my-tourist-ticket/features/dashboard/service/service.go:13.85,17.2 1 1
my-tourist-ticket/features/dashboard/service/service.go:20.86,22.22 2 1
my-tourist-ticket/features/dashboard/service/service.go:22.22,24.3 1 1
my-tourist-ticket/features/dashboard/service/service.go:25.2,25.25 1 1
my-tourist-ticket/features/dashboard/service/service.go:25.25,27.3 1 1
my-tourist-ticket/features/dashboard/service/service.go:29.2,33.16 3 1
my-tourist-ticket/features/dashboard/service/service.go:33.16,36.3 2 1
my-tourist-ticket/features/dashboard/service/service.go:37.2,41.16 3 1
my-tourist-ticket/features/dashboard/service/service.go:41.16,44.3 2 1
my-tourist-ticket/features/dashboard/service/service.go:45.2,49.16 3 1
my-tourist-ticket/features/dashboard/service/service.go:49.16,52.3 2 1
my-tourist-ticket/features/dashboard/service/service.go:53.2,57.16 3 1
my-tourist-ticket/features/dashboard/service/service.go:57.16,60.3 2 1
my-tourist-ticket/features/dashboard/service/service.go:61.2,65.16 3 1
my-tourist-ticket/features/dashboard/service/service.go:65.16,68.3 2 1
my-tourist-ticket/features/dashboard/service/service.go:69.2,73.16 3 1
my-tourist-ticket/features/dashboard/service/service.go:73.16,76.3 2 1
my-tourist-ticket/features/dashboard/service/service.go:77.2,79.18 2 1
my-tourist-ticket/features/package/service/logic.go:12.79,16.2 1 1
my-tourist-ticket/features/package/service/logic.go:19.85,20.28 1 1
my-tourist-ticket/features/package/service/logic.go:20.28,22.3 1 1
my-tourist-ticket/features/package/service/logic.go:24.2,25.16 2 1
my-tourist-ticket/features/package/service/logic.go:25.16,27.3 1 1
my-tourist-ticket/features/package/service/logic.go:29.2,29.12 1 1
my-tourist-ticket/features/package/service/logic.go:33.82,35.16 2 1
my-tourist-ticket/features/package/service/logic.go:35.16,37.3 1 1
my-tourist-ticket/features/package/service/logic.go:38.2,38.22 1 1
my-tourist-ticket/features/package/service/logic.go:42.60,43.20 1 1
my-tourist-ticket/features/package/service/logic.go:43.20,45.3 1 1
my-tourist-ticket/features/package/service/logic.go:47.2,48.19 2 1
my-tourist-ticket/features/package/service/logic.go:48.19,50.3 1 1
my-tourist-ticket/features/package/service/logic.go:53.2,53.35 1 1
my-tourist-ticket/features/package/service/logic.go:53.35,55.20 2 1
my-tourist-ticket/features/package/service/logic.go:55.20,57.4 1 1
my-tourist-ticket/features/package/service/logic.go:60.2,61.12 2 1
my-tourist-ticket/features/tour/service/logic.go:14.69,18.2 1 1
my-tourist-ticket/features/tour/service/logic.go:21.73,23.2 1 1
my-tourist-ticket/features/tour/service/logic.go:26.134,27.26 1 1
my-tourist-ticket/features/tour/service/logic.go:27.26,29.3 1 1
my-tourist-ticket/features/tour/service/logic.go:30.2,30.29 1 1
my-tourist-ticket/features/tour/service/logic.go:30.29,32.3 1 1
my-tourist-ticket/features/tour/service/logic.go:33.2,33.25 1 1
my-tourist-ticket/features/tour/service/logic.go:33.25,35.3 1 1
my-tourist-ticket/features/tour/service/logic.go:36.2,36.18 1 1
my-tourist-ticket/features/tour/service/logic.go:36.18,38.3 1 1
my-tourist-ticket/features/tour/service/logic.go:39.2,39.22 1 1
my-tourist-ticket/features/tour/service/logic.go:39.22,41.3 1 1
my-tourist-ticket/features/tour/service/logic.go:43.2,43.25 1 1
my-tourist-ticket/features/tour/service/logic.go:43.25,45.3 1 1
my-tourist-ticket/features/tour/service/logic.go:46.2,46.26 1 1
my-tourist-ticket/features/tour/service/logic.go:46.26,48.3 1 1
my-tourist-ticket/features/tour/service/logic.go:49.2,49.23 1 1
my-tourist-ticket/features/tour/service/logic.go:49.23,51.3 1 1
my-tourist-ticket/features/tour/service/logic.go:53.2,54.16 2 1
my-tourist-ticket/features/tour/service/logic.go:54.16,56.3 1 1
my-tourist-ticket/features/tour/service/logic.go:58.2,58.12 1 1
my-tourist-ticket/features/tour/service/logic.go:62.133,65.2 1 1
my-tourist-ticket/features/tour/service/logic.go:68.75,70.16 2 1
my-tourist-ticket/features/tour/service/logic.go:70.16,72.3 1 1
my-tourist-ticket/features/tour/service/logic.go:74.2,74.18 1 1
my-tourist-ticket/features/tour/service/logic.go:78.54,79.17 1 1
my-tourist-ticket/features/tour/service/logic.go:79.17,81.3 1 1
my-tourist-ticket/features/tour/service/logic.go:82.2,83.12 2 1
my-tourist-ticket/features/tour/service/logic.go:87.90,89.15 1 1
my-tourist-ticket/features/tour/service/logic.go:89.15,91.3 1 1
my-tourist-ticket/features/tour/service/logic.go:93.2,93.16 1 1
my-tourist-ticket/features/tour/service/logic.go:93.16,95.3 1 1
my-tourist-ticket/features/tour/service/logic.go:98.2,99.16 2 1
my-tourist-ticket/features/tour/service/logic.go:99.16,101.3 1 1
my-tourist-ticket/features/tour/service/logic.go:103.2,103.30 1 1
my-tourist-ticket/features/tour/service/logic.go:107.106,108.15 1 1
my-tourist-ticket/features/tour/service/logic.go:108.15,110.3 1 1
my-tourist-ticket/features/tour/service/logic.go:112.2,112.16 1 1
my-tourist-ticket/features/tour/service/logic.go:112.16,114.3 1 1
my-tourist-ticket/features/tour/service/logic.go:116.2,117.16 2 1
my-tourist-ticket/features/tour/service/logic.go:117.16,119.3 1 1
my-tourist-ticket/features/tour/service/logic.go:121.2,121.30 1 1
my-tourist-ticket/features/tour/service/logic.go:125.101,126.15 1 1
my-tourist-ticket/features/tour/service/logic.go:126.15,128.3 1 1
my-tourist-ticket/features/tour/service/logic.go:130.2,130.16 1 1
my-tourist-ticket/features/tour/service/logic.go:130.16,132.3 1 1
my-tourist-ticket/features/tour/service/logic.go:134.2,135.16 2 1
my-tourist-ticket/features/tour/service/logic.go:135.16,137.3 1 1
my-tourist-ticket/features/tour/service/logic.go:139.2,139.30 1 1
my-tourist-ticket/features/tour/service/logic.go:143.99,145.16 2 1
my-tourist-ticket/features/tour/service/logic.go:145.16,147.3 1 1
my-tourist-ticket/features/tour/service/logic.go:149.2,149.12 1 1
my-tourist-ticket/features/tour/service/logic.go:153.85,155.16 2 1
my-tourist-ticket/features/tour/service/logic.go:155.16,157.3 1 1
my-tourist-ticket/features/tour/service/logic.go:159.2,159.21 1 1
my-tourist-ticket/features/tour/service/logic.go:163.75,165.16 2 1
my-tourist-ticket/features/tour/service/logic.go:165.16,167.3 1 1
my-tourist-ticket/features/tour/service/logic.go:168.2,168.19 1 1
my-tourist-ticket/features/voucher/service/logic.go:12.77,16.2 1 1
my-tourist-ticket/features/voucher/service/logic.go:19.82,21.22 2 1
my-tourist-ticket/features/voucher/service/logic.go:21.22,23.3 1 1
my-tourist-ticket/features/voucher/service/logic.go:25.2,25.55 1 1
my-tourist-ticket/features/voucher/service/logic.go:25.55,27.3 1 1
my-tourist-ticket/features/voucher/service/logic.go:29.2,29.22 1 1
my-tourist-ticket/features/voucher/service/logic.go:29.22,31.3 1 1
my-tourist-ticket/features/voucher/service/logic.go:32.2,32.22 1 1
my-tourist-ticket/features/voucher/service/logic.go:32.22,34.3 1 1
my-tourist-ticket/features/voucher/service/logic.go:35.2,35.30 1 1
my-tourist-ticket/features/voucher/service/logic.go:35.30,37.3 1 1
my-tourist-ticket/features/voucher/service/logic.go:38.2,38.32 1 1
my-tourist-ticket/features/voucher/service/logic.go:38.32,40.3 1 1
my-tourist-ticket/features/voucher/service/logic.go:42.2,43.16 2 1
my-tourist-ticket/features/voucher/service/logic.go:43.16,45.3 1 1
my-tourist-ticket/features/voucher/service/logic.go:47.2,47.12 1 1
my-tourist-ticket/features/voucher/service/logic.go:51.90,53.22 2 1
my-tourist-ticket/features/voucher/service/logic.go:53.22,55.3 1 1
my-tourist-ticket/features/voucher/service/logic.go:57.2,58.16 2 1
my-tourist-ticket/features/voucher/service/logic.go:58.16,60.3 1 1
my-tourist-ticket/features/voucher/service/logic.go:62.2,62.22 1 1
my-tourist-ticket/features/voucher/service/logic.go:66.97,68.22 2 1
my-tourist-ticket/features/voucher/service/logic.go:68.22,70.3 1 1
my-tourist-ticket/features/voucher/service/logic.go:72.2,72.55 1 1
my-tourist-ticket/features/voucher/service/logic.go:72.55,74.3 1 1
my-tourist-ticket/features/voucher/service/logic.go:76.2,77.16 2 1
my-tourist-ticket/features/voucher/service/logic.go:77.16,79.3 1 1
my-tourist-ticket/features/voucher/service/logic.go:81.2,81.12 1 1
my-tourist-ticket/features/voucher/service/logic.go:85.60,86.20 1 1
my-tourist-ticket/features/voucher/service/logic.go:86.20,88.3 1 1
my-tourist-ticket/features/voucher/service/logic.go:90.2,91.12 2 1
my-tourist-ticket/features/user/service/logic.go:19.94,25.2 1 1
my-tourist-ticket/features/user/service/logic.go:28.59,30.24 2 1
my-tourist-ticket/features/user/service/logic.go:30.24,32.3 1 1
my-tourist-ticket/features/user/service/logic.go:34.2,34.26 1 1
my-tourist-ticket/features/user/service/logic.go:34.26,36.21 2 1
my-tourist-ticket/features/user/service/logic.go:36.21,38.4 1 1
my-tourist-ticket/features/user/service/logic.go:39.3,39.30 1 1
my-tourist-ticket/features/user/service/logic.go:42.2,42.31 1 1
my-tourist-ticket/features/user/service/logic.go:42.31,44.3 1 1
my-tourist-ticket/features/user/service/logic.go:44.8,46.3 1 1
my-tourist-ticket/features/user/service/logic.go:48.2,49.12 2 1
my-tourist-ticket/features/user/service/logic.go:53.109,54.35 1 1
my-tourist-ticket/features/user/service/logic.go:54.35,56.3 1 1
my-tourist-ticket/features/user/service/logic.go:57.2,57.17 1 1
my-tourist-ticket/features/user/service/logic.go:57.17,59.3 1 1
my-tourist-ticket/features/user/service/logic.go:60.2,60.20 1 1
my-tourist-ticket/features/user/service/logic.go:60.20,62.3 1 1
my-tourist-ticket/features/user/service/logic.go:64.2,65.16 2 1
my-tourist-ticket/features/user/service/logic.go:65.16,67.3 1 1
my-tourist-ticket/features/user/service/logic.go:68.2,69.14 2 1
my-tourist-ticket/features/user/service/logic.go:69.14,71.3 1 1
my-tourist-ticket/features/user/service/logic.go:73.2,74.19 2 1
my-tourist-ticket/features/user/service/logic.go:74.19,76.3 1 0
my-tourist-ticket/features/user/service/logic.go:78.2,78.25 1 1
my-tourist-ticket/features/user/service/logic.go:82.74,85.2 2 1
my-tourist-ticket/features/user/service/logic.go:88.76,89.22 1 1
my-tourist-ticket/features/user/service/logic.go:89.22,91.3 1 1
my-tourist-ticket/features/user/service/logic.go:93.2,93.26 1 1
my-tourist-ticket/features/user/service/logic.go:93.26,95.21 2 1
my-tourist-ticket/features/user/service/logic.go:95.21,97.4 1 1
my-tourist-ticket/features/user/service/logic.go:98.3,98.30 1 1
my-tourist-ticket/features/user/service/logic.go:101.2,102.12 2 1
my-tourist-ticket/features/user/service/logic.go:106.59,107.22 1 1
my-tourist-ticket/features/user/service/logic.go:107.22,109.3 1 1
my-tourist-ticket/features/user/service/logic.go:110.2,111.12 2 1
my-tourist-ticket/features/user/service/logic.go:115.99,117.19 2 1
my-tourist-ticket/features/user/service/logic.go:117.19,119.3 1 1
my-tourist-ticket/features/user/service/logic.go:120.2,120.63 1 1
my-tourist-ticket/features/user/service/logic.go:120.63,122.3 1 1
my-tourist-ticket/features/user/service/logic.go:124.2,124.15 1 1
my-tourist-ticket/features/user/service/logic.go:124.15,126.3 1 1
my-tourist-ticket/features/user/service/logic.go:128.2,128.16 1 1
my-tourist-ticket/features/user/service/logic.go:128.16,130.3 1 1
my-tourist-ticket/features/user/service/logic.go:132.2,133.31 2 1
my-tourist-ticket/features/user/service/logic.go:137.109,139.19 2 1
my-tourist-ticket/features/user/service/logic.go:139.19,141.3 1 1
my-tourist-ticket/features/user/service/logic.go:142.2,142.63 1 1
my-tourist-ticket/features/user/service/logic.go:142.63,144.3 1 1
my-tourist-ticket/features/user/service/logic.go:146.2,147.12 2 1
